incubatorapp/services/huawei_account/example/build/app/outputs/logs/manifest-merger-debug-report.txt
-- Merging decision tree log ---
manifest
ADDED from src\main\AndroidManifest.xml:1:1-32:12
INJECTED from src\main\AndroidManifest.xml:1:1-32:12
INJECTED from src\main\AndroidManifest.xml:1:1-32:12
INJECTED from src\main\AndroidManifest.xml:1:1-32:12
MERGED from src\main\AndroidManifest.xml:1:1-32:12
MERGED from [:huawei_account] AndroidManifest.xml:2:1-7:12
MERGED from [androidx.fragment:fragment:1.1.0] AndroidManifest.xml:17:1-24:12
MERGED from [androidx.activity:activity:1.0.0] AndroidManifest.xml:17:1-24:12
MERGED from [androidx.viewpager:viewpager:1.0.0] AndroidManifest.xml:17:1-22:12
MERGED from [androidx.loader:loader:1.0.0] AndroidManifest.xml:17:1-22:12
MERGED from [androidx.customview:customview:1.0.0] AndroidManifest.xml:17:1-22:12
MERGED from [androidx.core:core:1.1.0] AndroidManifest.xml:17:1-26:12
MERGED from [androidx.lifecycle:lifecycle-runtime:2.2.0] AndroidManifest.xml:17:1-24:12
MERGED from [androidx.savedstate:savedstate:1.0.0] AndroidManifest.xml:17:1-24:12
MERGED from [androidx.lifecycle:lifecycle-livedata:2.0.0] AndroidManifest.xml:17:1-22:12
MERGED from [androidx.lifecycle:lifecycle-livedata-core:2.0.0] AndroidManifest.xml:17:1-22:12
MERGED from [androidx.arch.core:core-runtime:2.0.0] AndroidManifest.xml:17:1-22:12
MERGED from [androidx.versionedparcelable:versionedparcelable:1.1.0] AndroidManifest.xml:17:1-27:12
MERGED from [androidx.lifecycle:lifecycle-viewmodel:2.1.0] AndroidManifest.xml:17:1-22:12
MERGED from [com.huawei.hms:hwid:4.0.4.300] AndroidManifest.xml:2:1-35:12
MERGED from [com.huawei.hms:base:4.0.4.300] AndroidManifest.xml:2:1-28:12
MERGED from [com.huawei.hms:availableupdate:4.0.4.300] AndroidManifest.xml:2:1-35:12
MERGED from [com.huawei.hms:stats:4.0.4.300] AndroidManifest.xml:2:1-16:12
MERGED from [com.huawei.hms:ui:4.0.4.300] AndroidManifest.xml:2:1-28:12
MERGED from [com.huawei.hms:device:4.0.4.300] AndroidManifest.xml:2:1-14:12
MERGED from [com.huawei.hms:log:4.0.4.300] AndroidManifest.xml:2:1-14:12
MERGED from [com.huawei.agconnect:agconnect-core:1.0.0.300] AndroidManifest.xml:2:1-20:12
MERGED from [com.huawei.hmf:tasks:1.4.1.300] AndroidManifest.xml:2:1-10:12
MERGED from [com.huawei.hms:update:2.0.6.300] AndroidManifest.xml:2:1-41:12
MERGED from [com.huawei.hms:network-grs:4.0.2.300] AndroidManifest.xml:2:1-11:12
MERGED from [com.huawei.hms:network-common:4.0.2.300] AndroidManifest.xml:2:1-11:12
INJECTED from src\debug\AndroidManifest.xml:1:1-7:12
INJECTED from src\debug\AndroidManifest.xml:1:1-7:12
INJECTED from src\debug\AndroidManifest.xml:1:1-7:12
	package
		ADDED from src\main\AndroidManifest.xml:2:5-53
		INJECTED from src\main\AndroidManifest.xml
		INJECTED from src\debug\AndroidManifest.xml
	android:versionName
		INJECTED from src\main\AndroidManifest.xml
		ADDED from src\main\AndroidManifest.xml:1:1-32:12
		INJECTED from src\debug\AndroidManifest.xml
	android:versionCode
		INJECTED from src\main\AndroidManifest.xml
		ADDED from src\main\AndroidManifest.xml:1:1-32:12
		INJECTED from src\debug\AndroidManifest.xml
	xmlns:android
		ADDED from src\main\AndroidManifest.xml:1:11-69
uses-permission#android.permission.INTERNET
ADDED from src\main\AndroidManifest.xml:3:5-67
MERGED from src\main\AndroidManifest.xml:3:5-67
MERGED from src\main\AndroidManifest.xml:3:5-67
MERGED from [com.huawei.hms:base:4.0.4.300] AndroidManifest.xml:10:5-67
MERGED from [com.huawei.hms:base:4.0.4.300] AndroidManifest.xml:10:5-67
MERGED from [com.huawei.hms:availableupdate:4.0.4.300] AndroidManifest.xml:10:5-67
MERGED from [com.huawei.hms:availableupdate:4.0.4.300] AndroidManifest.xml:10:5-67
MERGED from [com.huawei.hms:stats:4.0.4.300] AndroidManifest.xml:10:5-67
MERGED from [com.huawei.hms:stats:4.0.4.300] AndroidManifest.xml:10:5-67
MERGED from [com.huawei.hms:update:2.0.6.300] AndroidManifest.xml:11:5-67
MERGED from [com.huawei.hms:update:2.0.6.300] AndroidManifest.xml:11:5-67
	android:name
		ADDED from src\main\AndroidManifest.xml:3:22-64
application
ADDED from src\main\AndroidManifest.xml:4:5-31:19
MERGED from [androidx.core:core:1.1.0] AndroidManifest.xml:24:5-89
MERGED from [androidx.core:core:1.1.0] AndroidManifest.xml:24:5-89
MERGED from [androidx.versionedparcelable:versionedparcelable:1.1.0] AndroidManifest.xml:24:5-25:19
MERGED from [androidx.versionedparcelable:versionedparcelable:1.1.0] AndroidManifest.xml:24:5-25:19
MERGED from [com.huawei.hms:hwid:4.0.4.300] AndroidManifest.xml:9:5-33:19
MERGED from [com.huawei.hms:hwid:4.0.4.300] AndroidManifest.xml:9:5-33:19
MERGED from [com.huawei.hms:base:4.0.4.300] AndroidManifest.xml:12:5-26:19
MERGED from [com.huawei.hms:base:4.0.4.300] AndroidManifest.xml:12:5-26:19
MERGED from [com.huawei.hms:availableupdate:4.0.4.300] AndroidManifest.xml:20:5-33:19
MERGED from [com.huawei.hms:availableupdate:4.0.4.300] AndroidManifest.xml:20:5-33:19
MERGED from [com.huawei.hms:stats:4.0.4.300] AndroidManifest.xml:14:5-20
MERGED from [com.huawei.hms:stats:4.0.4.300] AndroidManifest.xml:14:5-20
MERGED from [com.huawei.hms:ui:4.0.4.300] AndroidManifest.xml:9:5-26:19
MERGED from [com.huawei.hms:ui:4.0.4.300] AndroidManifest.xml:9:5-26:19
MERGED from [com.huawei.hms:device:4.0.4.300] AndroidManifest.xml:12:5-20
MERGED from [com.huawei.hms:device:4.0.4.300] AndroidManifest.xml:12:5-20
MERGED from [com.huawei.hms:log:4.0.4.300] AndroidManifest.xml:12:5-20
MERGED from [com.huawei.hms:log:4.0.4.300] AndroidManifest.xml:12:5-20
MERGED from [com.huawei.agconnect:agconnect-core:1.0.0.300] AndroidManifest.xml:9:5-18:19
MERGED from [com.huawei.agconnect:agconnect-core:1.0.0.300] AndroidManifest.xml:9:5-18:19
MERGED from [com.huawei.hms:update:2.0.6.300] AndroidManifest.xml:20:5-39:19
MERGED from [com.huawei.hms:update:2.0.6.300] AndroidManifest.xml:20:5-39:19
	android:appComponentFactory
		ADDED from [androidx.core:core:1.1.0] AndroidManifest.xml:24:18-86
	android:label
		ADDED from src\main\AndroidManifest.xml:6:9-41
	android:icon
		ADDED from src\main\AndroidManifest.xml:7:9-43
	android:name
		ADDED from src\main\AndroidManifest.xml:5:9-57
activity#com.huawei.hms.flutter.account_example.MainActivity
ADDED from src\main\AndroidManifest.xml:8:9-27:20
	android:launchMode
		ADDED from src\main\AndroidManifest.xml:10:13-43
	android:hardwareAccelerated
		ADDED from src\main\AndroidManifest.xml:13:13-47
	android:windowSoftInputMode
		ADDED from src\main\AndroidManifest.xml:14:13-55
	android:configChanges
		ADDED from src\main\AndroidManifest.xml:12:13-163
	android:theme
		ADDED from src\main\AndroidManifest.xml:11:13-47
	android:name
		ADDED from src\main\AndroidManifest.xml:9:13-41
meta-data#io.flutter.embedding.android.NormalTheme
ADDED from src\main\AndroidManifest.xml:15:13-18:17
	android:resource
		ADDED from src\main\AndroidManifest.xml:17:15-52
	android:name
		ADDED from src\main\AndroidManifest.xml:16:15-70
meta-data#io.flutter.embedding.android.SplashScreenDrawable
ADDED from src\main\AndroidManifest.xml:19:13-22:17
	android:resource
		ADDED from src\main\AndroidManifest.xml:21:15-61
	android:name
		ADDED from src\main\AndroidManifest.xml:20:15-79
intent-filter#action:name:android.intent.action.MAIN+category:name:android.intent.category.LAUNCHER
ADDED from src\main\AndroidManifest.xml:23:13-26:29
action#android.intent.action.MAIN
ADDED from src\main\AndroidManifest.xml:24:17-68
	android:name
		ADDED from src\main\AndroidManifest.xml:24:25-66
category#android.intent.category.LAUNCHER
ADDED from src\main\AndroidManifest.xml:25:17-76
	android:name
		ADDED from src\main\AndroidManifest.xml:25:27-74
meta-data#flutterEmbedding
ADDED from src\main\AndroidManifest.xml:28:9-30:33
	android:value
		ADDED from src\main\AndroidManifest.xml:30:13-30
	android:name
		ADDED from src\main\AndroidManifest.xml:29:13-44
uses-sdk
INJECTED from src\main\AndroidManifest.xml reason: use-sdk injection requested
INJECTED from src\main\AndroidManifest.xml
INJECTED from src\main\AndroidManifest.xml
MERGED from [:huawei_account] AndroidManifest.xml:5:5-44
MERGED from [:huawei_account] AndroidManifest.xml:5:5-44
MERGED from [androidx.fragment:fragment:1.1.0] AndroidManifest.xml:20:5-22:41
MERGED from [androidx.fragment:fragment:1.1.0] AndroidManifest.xml:20:5-22:41
MERGED from [androidx.activity:activity:1.0.0] AndroidManifest.xml:20:5-22:41
MERGED from [androidx.activity:activity:1.0.0] AndroidManifest.xml:20:5-22:41
MERGED from [androidx.viewpager:viewpager:1.0.0] AndroidManifest.xml:20:5-44
MERGED from [androidx.viewpager:viewpager:1.0.0] AndroidManifest.xml:20:5-44
MERGED from [androidx.loader:loader:1.0.0] AndroidManifest.xml:20:5-44
MERGED from [androidx.loader:loader:1.0.0] AndroidManifest.xml:20:5-44
MERGED from [androidx.customview:customview:1.0.0] AndroidManifest.xml:20:5-44
MERGED from [androidx.customview:customview:1.0.0] AndroidManifest.xml:20:5-44
MERGED from [androidx.core:core:1.1.0] AndroidManifest.xml:20:5-22:41
MERGED from [androidx.core:core:1.1.0] AndroidManifest.xml:20:5-22:41
MERGED from [androidx.lifecycle:lifecycle-runtime:2.2.0] AndroidManifest.xml:20:5-22:41
MERGED from [androidx.lifecycle:lifecycle-runtime:2.2.0] AndroidManifest.xml:20:5-22:41
MERGED from [androidx.savedstate:savedstate:1.0.0] AndroidManifest.xml:20:5-22:41
MERGED from [androidx.savedstate:savedstate:1.0.0] AndroidManifest.xml:20:5-22:41
MERGED from [androidx.lifecycle:lifecycle-livedata:2.0.0] AndroidManifest.xml:20:5-44
MERGED from [androidx.lifecycle:lifecycle-livedata:2.0.0] AndroidManifest.xml:20:5-44
MERGED from [androidx.lifecycle:lifecycle-livedata-core:2.0.0] AndroidManifest.xml:20:5-44
MERGED from [androidx.lifecycle:lifecycle-livedata-core:2.0.0] AndroidManifest.xml:20:5-44
MERGED from [androidx.arch.core:core-runtime:2.0.0] AndroidManifest.xml:20:5-44
MERGED from [androidx.arch.core:core-runtime:2.0.0] AndroidManifest.xml:20:5-44
MERGED from [androidx.versionedparcelable:versionedparcelable:1.1.0] AndroidManifest.xml:20:5-22:41
MERGED from [androidx.versionedparcelable:versionedparcelable:1.1.0] AndroidManifest.xml:20:5-22:41
MERGED from [androidx.lifecycle:lifecycle-viewmodel:2.1.0] AndroidManifest.xml:20:5-44
MERGED from [androidx.lifecycle:lifecycle-viewmodel:2.1.0] AndroidManifest.xml:20:5-44
MERGED from [com.huawei.hms:hwid:4.0.4.300] AndroidManifest.xml:5:5-7:41
MERGED from [com.huawei.hms:hwid:4.0.4.300] AndroidManifest.xml:5:5-7:41
MERGED from [com.huawei.hms:base:4.0.4.300] AndroidManifest.xml:5:5-7:41
MERGED from [com.huawei.hms:base:4.0.4.300] AndroidManifest.xml:5:5-7:41
MERGED from [com.huawei.hms:availableupdate:4.0.4.300] AndroidManifest.xml:5:5-7:41
MERGED from [com.huawei.hms:availableupdate:4.0.4.300] AndroidManifest.xml:5:5-7:41
MERGED from [com.huawei.hms:stats:4.0.4.300] AndroidManifest.xml:5:5-7:41
MERGED from [com.huawei.hms:stats:4.0.4.300] AndroidManifest.xml:5:5-7:41
MERGED from [com.huawei.hms:ui:4.0.4.300] AndroidManifest.xml:5:5-7:41
MERGED from [com.huawei.hms:ui:4.0.4.300] AndroidManifest.xml:5:5-7:41
MERGED from [com.huawei.hms:device:4.0.4.300] AndroidManifest.xml:5:5-7:41
MERGED from [com.huawei.hms:device:4.0.4.300] AndroidManifest.xml:5:5-7:41
MERGED from [com.huawei.hms:log:4.0.4.300] AndroidManifest.xml:5:5-7:41
MERGED from [com.huawei.hms:log:4.0.4.300] AndroidManifest.xml:5:5-7:41
MERGED from [com.huawei.agconnect:agconnect-core:1.0.0.300] AndroidManifest.xml:5:5-7:41
MERGED from [com.huawei.agconnect:agconnect-core:1.0.0.300] AndroidManifest.xml:5:5-7:41
MERGED from [com.huawei.hmf:tasks:1.4.1.300] AndroidManifest.xml:6:5-8:41
MERGED from [com.huawei.hmf:tasks:1.4.1.300] AndroidManifest.xml:6:5-8:41
MERGED from [com.huawei.hms:update:2.0.6.300] AndroidManifest.xml:7:5-9:41
MERGED from [com.huawei.hms:update:2.0.6.300] AndroidManifest.xml:7:5-9:41
MERGED from [com.huawei.hms:network-grs:4.0.2.300] AndroidManifest.xml:7:5-9:41
MERGED from [com.huawei.hms:network-grs:4.0.2.300] AndroidManifest.xml:7:5-9:41
MERGED from [com.huawei.hms:network-common:4.0.2.300] AndroidManifest.xml:7:5-9:41
MERGED from [com.huawei.hms:network-common:4.0.2.300] AndroidManifest.xml:7:5-9:41
INJECTED from src\debug\AndroidManifest.xml
INJECTED from src\debug\AndroidManifest.xml
	android:targetSdkVersion
		INJECTED from src\main\AndroidManifest.xml
		INJECTED from src\debug\AndroidManifest.xml
	android:minSdkVersion
		INJECTED from src\main\AndroidManifest.xml
		INJECTED from src\debug\AndroidManifest.xml
activity#com.huawei.hms.hwid.internal.ui.activity.HwIdSignInHubActivity
ADDED from [com.huawei.hms:hwid:4.0.4.300] AndroidManifest.xml:10:9-15:20
	android:excludeFromRecents
		ADDED from [com.huawei.hms:hwid:4.0.4.300] AndroidManifest.xml:12:13-46
	android:exported
		ADDED from [com.huawei.hms:hwid:4.0.4.300] AndroidManifest.xml:13:13-37
	android:theme
		ADDED from [com.huawei.hms:hwid:4.0.4.300] AndroidManifest.xml:14:13-72
	android:name
		ADDED from [com.huawei.hms:hwid:4.0.4.300] AndroidManifest.xml:11:13-90
activity#com.huawei.hms.account.internal.ui.activity.AccountSignInHubActivity
ADDED from [com.huawei.hms:hwid:4.0.4.300] AndroidManifest.xml:16:9-21:20
	android:excludeFromRecents
		ADDED from [com.huawei.hms:hwid:4.0.4.300] AndroidManifest.xml:18:13-46
	android:exported
		ADDED from [com.huawei.hms:hwid:4.0.4.300] AndroidManifest.xml:19:13-37
	android:theme
		ADDED from [com.huawei.hms:hwid:4.0.4.300] AndroidManifest.xml:20:13-72
	android:name
		ADDED from [com.huawei.hms:hwid:4.0.4.300] AndroidManifest.xml:17:13-96
meta-data#com.huawei.hms.client.service.name:hwid
ADDED from [com.huawei.hms:hwid:4.0.4.300] AndroidManifest.xml:24:9-26:46
	android:value
		ADDED from [com.huawei.hms:hwid:4.0.4.300] AndroidManifest.xml:26:13-43
	android:name
		ADDED from [com.huawei.hms:hwid:4.0.4.300] AndroidManifest.xml:25:13-67
meta-data#com.huawei.hms.min_api_level:hwid:hwid
ADDED from [com.huawei.hms:hwid:4.0.4.300] AndroidManifest.xml:27:9-29:33
	android:value
		ADDED from [com.huawei.hms:hwid:4.0.4.300] AndroidManifest.xml:29:13-30
	android:name
		ADDED from [com.huawei.hms:hwid:4.0.4.300] AndroidManifest.xml:28:13-66
meta-data#com.huawei.hms.min_api_level:hwid:AppTouchAccount
ADDED from [com.huawei.hms:hwid:4.0.4.300] AndroidManifest.xml:30:9-32:33
	android:value
		ADDED from [com.huawei.hms:hwid:4.0.4.300] AndroidManifest.xml:32:13-30
	android:name
		ADDED from [com.huawei.hms:hwid:4.0.4.300] AndroidManifest.xml:31:13-77
meta-data#com.huawei.hms.client.service.name:base
ADDED from [com.huawei.hms:base:4.0.4.300] AndroidManifest.xml:18:9-20:46
	android:value
		ADDED from [com.huawei.hms:base:4.0.4.300] AndroidManifest.xml:20:13-43
	android:name
		ADDED from [com.huawei.hms:base:4.0.4.300] AndroidManifest.xml:19:13-67
meta-data#com.huawei.hms.min_api_level:base:hmscore
ADDED from [com.huawei.hms:base:4.0.4.300] AndroidManifest.xml:23:9-25:33
	android:value
		ADDED from [com.huawei.hms:base:4.0.4.300] AndroidManifest.xml:25:13-30
	android:name
		ADDED from [com.huawei.hms:base:4.0.4.300] AndroidManifest.xml:24:13-69
uses-permission#android.permission.WRITE_EXTERNAL_STORAGE
ADDED from [com.huawei.hms:availableupdate:4.0.4.300] AndroidManifest.xml:12:5-81
MERGED from [com.huawei.hms:log:4.0.4.300] AndroidManifest.xml:10:5-81
MERGED from [com.huawei.hms:log:4.0.4.300] AndroidManifest.xml:10:5-81
	android:name
		ADDED from [com.huawei.hms:availableupdate:4.0.4.300] AndroidManifest.xml:12:22-78
uses-permission#android.permission.ACCESS_NETWORK_STATE
ADDED from [com.huawei.hms:availableupdate:4.0.4.300] AndroidManifest.xml:14:5-79
MERGED from [com.huawei.hms:stats:4.0.4.300] AndroidManifest.xml:12:5-79
MERGED from [com.huawei.hms:stats:4.0.4.300] AndroidManifest.xml:12:5-79
MERGED from [com.huawei.hms:device:4.0.4.300] AndroidManifest.xml:10:5-79
MERGED from [com.huawei.hms:device:4.0.4.300] AndroidManifest.xml:10:5-79
MERGED from [com.huawei.hms:update:2.0.6.300] AndroidManifest.xml:12:5-79
MERGED from [com.huawei.hms:update:2.0.6.300] AndroidManifest.xml:12:5-79
	android:name
		ADDED from [com.huawei.hms:availableupdate:4.0.4.300] AndroidManifest.xml:14:22-76
uses-permission#android.permission.REQUEST_INSTALL_PACKAGES
ADDED from [com.huawei.hms:availableupdate:4.0.4.300] AndroidManifest.xml:16:5-83
MERGED from [com.huawei.hms:update:2.0.6.300] AndroidManifest.xml:15:5-83
MERGED from [com.huawei.hms:update:2.0.6.300] AndroidManifest.xml:15:5-83
	android:name
		ADDED from [com.huawei.hms:availableupdate:4.0.4.300] AndroidManifest.xml:16:22-80
uses-permission#com.huawei.appmarket.service.commondata.permission.GET_COMMON_DATA
ADDED from [com.huawei.hms:availableupdate:4.0.4.300] AndroidManifest.xml:18:5-106
MERGED from [com.huawei.hms:update:2.0.6.300] AndroidManifest.xml:18:5-106
MERGED from [com.huawei.hms:update:2.0.6.300] AndroidManifest.xml:18:5-106
	android:name
		ADDED from [com.huawei.hms:availableupdate:4.0.4.300] AndroidManifest.xml:18:22-103
meta-data#availableLoaded
ADDED from [com.huawei.hms:availableupdate:4.0.4.300] AndroidManifest.xml:23:9-25:35
	android:value
		ADDED from [com.huawei.hms:availableupdate:4.0.4.300] AndroidManifest.xml:25:13-32
	android:name
		ADDED from [com.huawei.hms:availableupdate:4.0.4.300] AndroidManifest.xml:24:13-43
provider#com.huawei.hms.update.provider.UpdateProvider
ADDED from [com.huawei.hms:availableupdate:4.0.4.300] AndroidManifest.xml:27:9-32:20
	android:grantUriPermissions
		ADDED from [com.huawei.hms:availableupdate:4.0.4.300] AndroidManifest.xml:31:13-47
	android:authorities
		ADDED from [com.huawei.hms:availableupdate:4.0.4.300] AndroidManifest.xml:29:13-71
	android:exported
		ADDED from [com.huawei.hms:availableupdate:4.0.4.300] AndroidManifest.xml:30:13-37
	android:name
		ADDED from [com.huawei.hms:availableupdate:4.0.4.300] AndroidManifest.xml:28:13-73
uses-permission#android.permission.READ_EXTERNAL_STORAGE
IMPLIED from src\debug\AndroidManifest.xml:1:1-7:12 reason: com.huawei.hms.base.availableupdate requested WRITE_EXTERNAL_STORAGE
activity#com.huawei.hms.activity.BridgeActivity
ADDED from [com.huawei.hms:ui:4.0.4.300] AndroidManifest.xml:10:9-21:20
	android:screenOrientation
		ADDED from [com.huawei.hms:ui:4.0.4.300] AndroidManifest.xml:16:13-47
	android:excludeFromRecents
		ADDED from [com.huawei.hms:ui:4.0.4.300] AndroidManifest.xml:13:13-46
	android:hardwareAccelerated
		ADDED from [com.huawei.hms:ui:4.0.4.300] AndroidManifest.xml:15:13-47
	android:exported
		ADDED from [com.huawei.hms:ui:4.0.4.300] AndroidManifest.xml:14:13-37
	android:configChanges
		ADDED from [com.huawei.hms:ui:4.0.4.300] AndroidManifest.xml:12:13-124
	android:theme
		ADDED from [com.huawei.hms:ui:4.0.4.300] AndroidManifest.xml:17:13-61
	android:name
		ADDED from [com.huawei.hms:ui:4.0.4.300] AndroidManifest.xml:11:13-66
meta-data#hwc-theme
ADDED from [com.huawei.hms:ui:4.0.4.300] AndroidManifest.xml:18:13-20:77
	android:value
		ADDED from [com.huawei.hms:ui:4.0.4.300] AndroidManifest.xml:20:17-74
	android:name
		ADDED from [com.huawei.hms:ui:4.0.4.300] AndroidManifest.xml:19:17-41
activity#com.huawei.hms.activity.EnableServiceActivity
ADDED from [com.huawei.hms:ui:4.0.4.300] AndroidManifest.xml:22:9-25:20
	android:configChanges
		ADDED from [com.huawei.hms:ui:4.0.4.300] AndroidManifest.xml:24:13-106
	android:name
		ADDED from [com.huawei.hms:ui:4.0.4.300] AndroidManifest.xml:23:13-73
provider#com.huawei.agconnect.core.provider.AGConnectInitializeProvider
ADDED from [com.huawei.agconnect:agconnect-core:1.0.0.300] AndroidManifest.xml:10:9-13:40
	android:authorities
		ADDED from [com.huawei.agconnect:agconnect-core:1.0.0.300] AndroidManifest.xml:12:13-73
	android:exported
		ADDED from [com.huawei.agconnect:agconnect-core:1.0.0.300] AndroidManifest.xml:13:13-37
	android:name
		ADDED from [com.huawei.agconnect:agconnect-core:1.0.0.300] AndroidManifest.xml:11:13-90
service#com.huawei.agconnect.core.ServiceDiscovery
ADDED from [com.huawei.agconnect:agconnect-core:1.0.0.300] AndroidManifest.xml:15:9-17:40
	android:exported
		ADDED from [com.huawei.agconnect:agconnect-core:1.0.0.300] AndroidManifest.xml:17:13-37
	android:name
		ADDED from [com.huawei.agconnect:agconnect-core:1.0.0.300] AndroidManifest.xml:16:13-70
activity#com.huawei.updatesdk.service.otaupdate.AppUpdateActivity
ADDED from [com.huawei.hms:update:2.0.6.300] AndroidManifest.xml:21:9-29:20
	android:exported
		ADDED from [com.huawei.hms:update:2.0.6.300] AndroidManifest.xml:24:13-37
	android:configChanges
		ADDED from [com.huawei.hms:update:2.0.6.300] AndroidManifest.xml:23:13-59
	android:theme
		ADDED from [com.huawei.hms:update:2.0.6.300] AndroidManifest.xml:25:13-49
	android:name
		ADDED from [com.huawei.hms:update:2.0.6.300] AndroidManifest.xml:22:13-84
activity#com.huawei.updatesdk.support.pm.PackageInstallerActivity
ADDED from [com.huawei.hms:update:2.0.6.300] AndroidManifest.xml:30:9-38:20
	android:exported
		ADDED from [com.huawei.hms:update:2.0.6.300] AndroidManifest.xml:33:13-37
	android:configChanges
		ADDED from [com.huawei.hms:update:2.0.6.300] AndroidManifest.xml:32:13-74
	android:theme
		ADDED from [com.huawei.hms:update:2.0.6.300] AndroidManifest.xml:34:13-49
	android:name
		ADDED from [com.huawei.hms:update:2.0.6.300] AndroidManifest.xml:31:13-84